c:\su\cse687\code\compoundobjects\compoundobjects\debug\vc140.pdb
c:\su\cse687\code\compoundobjects\compoundobjects\debug\vc140.idb
c:\su\cse687\code\compoundobjects\compoundobjects\debug\utilities.obj
c:\su\cse687\code\compoundobjects\compoundobjects\debug\compobj.obj
c:\su\repository\cpp\compoundobjects\compoundobjects\debug\vc141.pdb
c:\su\repository\cpp\compoundobjects\compoundobjects\debug\vc141.idb
c:\su\repository\cpp\compoundobjects\compoundobjects\debug\utilities.obj
c:\su\repository\cpp\compoundobjects\compoundobjects\debug\compobj.obj
c:\su\cse687\code\compoundobjects\debug\compobj.ilk
c:\su\cse687\code\compoundobjects\debug\compobj.exe
c:\su\cse687\code\compoundobjects\debug\compobj.pdb
c:\su\repository\cpp\compoundobjects\debug\compobj.ilk
c:\su\repository\cpp\compoundobjects\debug\compobj.exe
c:\su\repository\cpp\compoundobjects\debug\compobj.pdb
c:\su\repository\cpp\compoundobjects\compoundobjects\debug\compobj.tlog\cl.command.1.tlog
c:\su\repository\cpp\compoundobjects\compoundobjects\debug\compobj.tlog\cl.read.1.tlog
c:\su\repository\cpp\compoundobjects\compoundobjects\debug\compobj.tlog\cl.write.1.tlog
c:\su\repository\cpp\compoundobjects\compoundobjects\debug\compobj.tlog\link.command.1.tlog
c:\su\repository\cpp\compoundobjects\compoundobjects\debug\compobj.tlog\link.read.1.tlog
c:\su\repository\cpp\compoundobjects\compoundobjects\debug\compobj.tlog\link.write.1.tlog
